<TEI xmlns="http://www.tei-c.org/ns/1.0"><head type="h2">Expositions</head></TEI>
